<?xml version="1.0" encoding="UTF-8"?>
<testsuite name="RPSGameTest" tests="6" skipped="0" failures="0" errors="0" timestamp="2016-01-11T07:18:51" hostname="iliak--C660" time="0.002">
  <properties/>
  <testcase name="checkWinner_PaperBeatsRock_true" classname="RPSGameTest" time="0.0"/>
  <testcase name="checkWinner_ScissorsBeatsPaper_true" classname="RPSGameTest" time="0.0"/>
  <testcase name="checkWinner_rockBeatsPaper_false" classname="RPSGameTest" time="0.0"/>
  <testcase name="checkWinner_rockBeatsScissors_true" classname="RPSGameTest" time="0.001"/>
  <testcase name="checkWinner_ScissorsBeatsRocks_false" classname="RPSGameTest" time="0.0"/>
  <testcase name="checkWinner_PaperBeatsScissors_false" classname="RPSGameTest" time="0.0"/>
  <system-out><![CDATA[]]></system-out>
  <system-err><![CDATA[]]></system-err>
</testsuite>
