<?xml version="1.0" encoding="UTF-8"?>
<testsuite name="AppTest" tests="4" skipped="0" failures="0" errors="0" timestamp="2016-01-11T07:18:50" hostname="iliak--C660" time="1.115">
  <properties/>
  <testcase name="sameSelection" classname="AppTest" time="0.972"/>
  <testcase name="rootTest" classname="AppTest" time="0.021"/>
  <testcase name="selectWinnerPlayer2" classname="AppTest" time="0.045"/>
  <testcase name="selectWinner" classname="AppTest" time="0.04"/>
  <system-out><![CDATA[]]></system-out>
  <system-err><![CDATA[[Thread-4] INFO spark.webserver.SparkServer - == Spark has ignited ...
[Thread-4] INFO spark.webserver.SparkServer - >> Listening on 0.0.0.0:4567
[Thread-4] INFO org.eclipse.jetty.server.Server - jetty-9.0.2.v20130417
[Thread-4] INFO org.eclipse.jetty.server.ServerConnector - Started ServerConnector@13f04cf8{HTTP/1.1}{0.0.0.0:4567}
[Test worker] INFO spark.webserver.SparkServer - >>> Spark shutting down ...
[Test worker] INFO org.eclipse.jetty.server.Server - Graceful shutdown org.eclipse.jetty.server.Server@3088d26d by 
[Test worker] INFO org.eclipse.jetty.server.ServerConnector - Stopped ServerConnector@13f04cf8{HTTP/1.1}{0.0.0.0:4567}
[Test worker] INFO spark.webserver.SparkServer - done
]]></system-err>
</testsuite>
